SF:lib/features/repository_collections/data/model/github_repo.dart
DA:10,0
DA:17,0
DA:18,0
DA:19,0
DA:20,0
DA:21,0
DA:22,0
DA:24,0
LF:8
LH:0
end_of_record
SF:lib/features/repository_collections/data/model/github_response.dart
DA:9,0
LF:1
LH:0
end_of_record
SF:lib/features/repository_collections/data/remote/core/github_api.dart
DA:13,0
DA:15,0
DA:16,0
DA:17,0
LF:4
LH:0
end_of_record
SF:lib/features/repository_collections/data/remote/core/http_client.dart
DA:7,0
DA:9,0
DA:10,0
DA:11,0
DA:12,0
DA:15,0
DA:16,0
DA:17,0
DA:22,0
DA:24,0
DA:25,0
DA:27,0
DA:29,0
DA:30,0
DA:32,0
DA:34,0
DA:35,0
LF:17
LH:0
end_of_record
SF:lib/features/repository_collections/data/remote/github_repository.dart
DA:13,0
DA:16,0
DA:17,0
DA:18,0
DA:19,0
LF:5
LH:0
end_of_record
